This is pdfTeX, Version 3.1415926-1.40.11 (MiKTeX 2.9) (preloaded format=pdflatex 2012.7.11)  27 SEP 2014 17:44
entering extended mode
**sparsesurvey.tex
(E:\git\sparsesurvey\sparsesurvey.tex
LaTeX2e <2009/09/24>
Babel <v3.8l> and hyphenation patterns for loaded.
(D:\CTEX\MiKTeX\tex\latex\elsarticle\elsarticle.cls
Document Class: elsarticle 2009/09/17, 1.2.0: Elsevier Ltd
\@bls=\dimen102
(D:\CTEX\MiKTeX\tex\latex\base\article.cls
Document Class: article 2007/10/19 v1.4h Standard LaTeX document class
(D:\CTEX\MiKTeX\tex\latex\base\size10.clo
File: size10.clo 2007/10/19 v1.4h Standard LaTeX file (size option)
)
\c@part=\count79
\c@section=\count80
\c@subsection=\count81
\c@subsubsection=\count82
\c@paragraph=\count83
\c@subparagraph=\count84
\c@figure=\count85
\c@table=\count86
\abovecaptionskip=\skip41
\belowcaptionskip=\skip42
\bibindent=\dimen103
)
(D:\CTEX\MiKTeX\tex\latex\graphics\graphicx.sty
Package: graphicx 1999/02/16 v1.0f Enhanced LaTeX Graphics (DPC,SPQR)

(D:\CTEX\MiKTeX\tex\latex\graphics\keyval.sty
Package: keyval 1999/03/16 v1.13 key=value parser (DPC)
\KV@toks@=\toks14
)
(D:\CTEX\MiKTeX\tex\latex\graphics\graphics.sty
Package: graphics 2009/02/05 v1.0o Standard LaTeX Graphics (DPC,SPQR)

(D:\CTEX\MiKTeX\tex\latex\graphics\trig.sty
Package: trig 1999/03/16 v1.09 sin cos tan (DPC)
)
(D:\CTEX\MiKTeX\tex\latex\00miktex\graphics.cfg
File: graphics.cfg 2007/01/18 v1.5 graphics configuration of teTeX/TeXLive
)
Package graphics Info: Driver file: pdftex.def on input line 91.

(D:\CTEX\MiKTeX\tex\latex\pdftex-def\pdftex.def
File: pdftex.def 2010/11/26 v0.05c Graphics/color for pdfTeX
\Gread@gobject=\count87
))
\Gin@req@height=\dimen104
\Gin@req@width=\dimen105
)
(D:\CTEX\MiKTeX\tex\latex\psnfss\pifont.sty
Package: pifont 2005/04/12 PSNFSS-v9.2a Pi font support (SPQR) 
LaTeX Font Info:    Try loading font information for U+pzd on input line 63.

(D:\CTEX\MiKTeX\tex\latex\psnfss\upzd.fd
File: upzd.fd 2001/06/04 font definitions for U/pzd.
)
LaTeX Font Info:    Try loading font information for U+psy on input line 64.

(D:\CTEX\MiKTeX\tex\latex\psnfss\upsy.fd
File: upsy.fd 2001/06/04 font definitions for U/psy.
))
\c@tnote=\count88
\c@fnote=\count89
\c@cnote=\count90
\c@ead=\count91
\c@author=\count92
\@eadauthor=\toks15
\c@affn=\count93
\absbox=\box26
\keybox=\box27
\Columnwidth=\dimen106
\space@left=\dimen107
\els@boxa=\box28
\els@boxb=\box29
\leftMargin=\dimen108
\@enLab=\toks16
\@sep=\skip43
\@@sep=\skip44

(E:\git\sparsesurvey\sparsesurvey.spl)
(D:\CTEX\MiKTeX\tex\latex\natbib\natbib.sty
Package: natbib 2009/11/07 8.31a (PWD, AO)
\bibhang=\skip45
\bibsep=\skip46
LaTeX Info: Redefining \cite on input line 694.
\c@NAT@ctr=\count94
)
\splwrite=\write3

(D:\CTEX\MiKTeX\tex\latex\geometry\geometry.sty
Package: geometry 2010/09/12 v5.6 Page Geometry

(D:\CTEX\MiKTeX\tex\generic\oberdiek\ifpdf.sty
Package: ifpdf 2010/01/28 v2.1 Provides the ifpdf switch (HO)
Package ifpdf Info: pdfTeX in pdf mode detected.
)
(D:\CTEX\MiKTeX\tex\generic\oberdiek\ifvtex.sty
Package: ifvtex 2010/03/01 v1.5 Switches for detecting VTeX and its modes (HO)
Package ifvtex Info: VTeX not detected.
)
(D:\CTEX\MiKTeX\tex\generic\ifxetex\ifxetex.sty
Package: ifxetex 2010/09/12 v0.6 Provides ifxetex conditional
)
\Gm@cnth=\count95
\Gm@cntv=\count96
\c@Gm@tempcnt=\count97
\Gm@bindingoffset=\dimen109
\Gm@wd@mp=\dimen110
\Gm@odd@mp=\dimen111
\Gm@even@mp=\dimen112
\Gm@layoutwidth=\dimen113
\Gm@layoutheight=\dimen114
\Gm@layouthoffset=\dimen115
\Gm@layoutvoffset=\dimen116
\Gm@dimlist=\toks17

(D:\CTEX\MiKTeX\tex\latex\geometry\geometry.cfg))
(D:\CTEX\MiKTeX\tex\latex\base\fleqn.clo
File: fleqn.clo 1998/08/17 v1.1c Standard LaTeX option (flush left equations)
\mathindent=\dimen117
))
(D:\CTEX\MiKTeX\tex\latex\ams\math\amsmath.sty
Package: amsmath 2000/07/18 v2.13 AMS math features
\@mathmargin=\skip47

For additional information on amsmath, use the `?' option.
(D:\CTEX\MiKTeX\tex\latex\ams\math\amstext.sty
Package: amstext 2000/06/29 v2.01

(D:\CTEX\MiKTeX\tex\latex\ams\math\amsgen.sty
File: amsgen.sty 1999/11/30 v2.0
\@emptytoks=\toks18
\ex@=\dimen118
))
(D:\CTEX\MiKTeX\tex\latex\ams\math\amsbsy.sty
Package: amsbsy 1999/11/29 v1.2d
\pmbraise@=\dimen119
)
(D:\CTEX\MiKTeX\tex\latex\ams\math\amsopn.sty
Package: amsopn 1999/12/14 v2.01 operator names
)
\inf@bad=\count98
LaTeX Info: Redefining \frac on input line 211.
\uproot@=\count99
\leftroot@=\count100
LaTeX Info: Redefining \overline on input line 307.
\classnum@=\count101
\DOTSCASE@=\count102
LaTeX Info: Redefining \ldots on input line 379.
LaTeX Info: Redefining \dots on input line 382.
LaTeX Info: Redefining \cdots on input line 467.
\Mathstrutbox@=\box30
\strutbox@=\box31
\big@size=\dimen120
LaTeX Font Info:    Redeclaring font encoding OML on input line 567.
LaTeX Font Info:    Redeclaring font encoding OMS on input line 568.
\macc@depth=\count103
\c@MaxMatrixCols=\count104
\dotsspace@=\muskip10
\c@parentequation=\count105
\dspbrk@lvl=\count106
\tag@help=\toks19
\row@=\count107
\column@=\count108
\maxfields@=\count109
\andhelp@=\toks20
\eqnshift@=\dimen121
\alignsep@=\dimen122
\tagshift@=\dimen123
\tagwidth@=\dimen124
\totwidth@=\dimen125
\lineht@=\dimen126
\@envbody=\toks21
\multlinegap=\skip48
\multlinetaggap=\skip49
\mathdisplay@stack=\toks22
LaTeX Info: Redefining \[ on input line 2666.
LaTeX Info: Redefining \] on input line 2667.
)
(D:\CTEX\MiKTeX\tex\latex\amsfonts\amssymb.sty
Package: amssymb 2009/06/22 v3.00

(D:\CTEX\MiKTeX\tex\latex\amsfonts\amsfonts.sty
Package: amsfonts 2009/06/22 v3.00 Basic AMSFonts support
\symAMSa=\mathgroup4
\symAMSb=\mathgroup5
LaTeX Font Info:    Overwriting math alphabet `\mathfrak' in version `bold'
(Font)                  U/euf/m/n --> U/euf/b/n on input line 96.
))
(D:\CTEX\MiKTeX\tex\latex\picins\picins.sty
Option `picins' Version 3.0 Sep. 1992, TH Darmstadt/HRZ
\@BILD=\box32
\@TEXT=\box33
\d@breite=\dimen127
\d@hoehe=\dimen128
\d@xoff=\dimen129
\d@yoff=\dimen130
\d@shad=\dimen131
\d@dash=\dimen132
\d@boxl=\dimen133
\d@pichskip=\dimen134
\d@tmp=\dimen135
\d@tmpa=\dimen136
\d@bskip=\dimen137
\hsiz@=\dimen138
\p@getot@l=\dimen139
\c@breite=\count110
\c@hoehe=\count111
\c@xoff=\count112
\c@yoff=\count113
\c@pos=\count114
\c@shad=\count115
\c@dash=\count116
\c@boxl=\count117
\c@zeilen=\count118
\@changemode=\count119
\c@piccaption=\count120
\c@piccaptionpos=\count121
\c@picpos=\count122
\c@whole=\count123
\c@half=\count124
\c@tmp=\count125
\c@tmpa=\count126
\c@tmpb=\count127
\c@tmpc=\count128
\c@tmpd=\count129
\d@leftskip=\skip50
\ptoti=\dimen140
\ptotii=\dimen141
\env@box=\box34
\d@envdp=\dimen142
\c@hsize=\count130
\c@envdp=\count131
\d@envb=\dimen143
)
(D:\CTEX\MiKTeX\tex\latex\picinpar\picinpar.sty
Pictures in Paragraphs. Version 1.2a, July 13, 1993
\br=\count132
\bl=\count133
\na=\count134
\nb=\count135
\tcdsav=\count136
\tcl=\count137
\tcd=\count138
\tcn=\count139
\cumtcl=\count140
\cumpartcl=\count141
\lftside=\dimen144
\rtside=\dimen145
\hpic=\dimen146
\vpic=\dimen147
\strutilg=\dimen148
\picwd=\dimen149
\topheight=\dimen150
\ilg=\dimen151
\lpic=\dimen152
\lwindowsep=\dimen153
\rwindowsep=\dimen154
\cumpar=\dimen155
\twa=\toks23
\la=\toks24
\ra=\toks25
\ha=\toks26
\pictoc=\toks27
\rawtext=\box35
\holder=\box36
\windowbox=\box37
\wartext=\box38
\finaltext=\box39
\aslice=\box40
\bslice=\box41
\wbox=\box42
\wstrutbox=\box43
\picbox=\box44
\waslice=\box45
\wbslice=\box46
\fslice=\box47
) (D:\CTEX\MiKTeX\tex\latex\algorithms\algorithm.sty
Package: algorithm 2009/08/24 v0.1 Document Style `algorithm' - floating enviro
nment

(D:\CTEX\MiKTeX\tex\latex\float\float.sty
Package: float 2001/11/08 v1.3d Float enhancements (AL)
\c@float@type=\count142
\float@exts=\toks28
\float@box=\box48
\@float@everytoks=\toks29
\@floatcapt=\box49
)
(D:\CTEX\MiKTeX\tex\latex\base\ifthen.sty
Package: ifthen 2001/05/26 v1.1c Standard LaTeX ifthen package (DPC)
)
\@float@every@algorithm=\toks30
\c@algorithm=\count143
)
(D:\CTEX\MiKTeX\tex\latex\algorithms\algorithmic.sty
Package: algorithmic 2009/08/24 v0.1 Document Style `algorithmic'
\c@ALC@unique=\count144
\c@ALC@line=\count145
\c@ALC@rem=\count146
\c@ALC@depth=\count147
\ALC@tlm=\skip51
\algorithmicindent=\skip52
)
(D:\CTEX\MiKTeX\tex\latex\tools\array.sty
Package: array 2008/09/09 v2.4c Tabular extension package (FMi)
\col@sep=\dimen156
\extrarowheight=\dimen157
\NC@list=\toks31
\extratabsurround=\skip53
\backup@length=\skip54
)
(D:\CTEX\MiKTeX\tex\latex\makecell\makecell.sty
Package: makecell 2009/08/03 V0.1e Managing of Tab Column Heads and Cells
\rotheadsize=\dimen158
\c@nlinenum=\count148
\TeXr@lab=\toks32
)
(D:\CTEX\MiKTeX\tex\latex\rotating\rotating.sty
Package: rotating 2009/03/28 v2.16a rotated objects in LaTeX
\c@r@tfl@t=\count149
\rotFPtop=\skip55
\rotFPbot=\skip56
\rot@float@box=\box50
\rot@mess@toks=\toks33
)
(D:\CTEX\MiKTeX\tex\latex\lineno\lineno.sty
Package: lineno 2005/11/02 line numbers on paragraphs v4.41
\linenopenalty=\count150
\output=\toks34
\linenoprevgraf=\count151
\linenumbersep=\dimen159
\linenumberwidth=\dimen160
\c@linenumber=\count152
\c@pagewiselinenumber=\count153
\c@LN@truepage=\count154
\c@internallinenumber=\count155
\c@internallinenumbers=\count156
\quotelinenumbersep=\dimen161
\bframerule=\dimen162
\bframesep=\dimen163
\bframebox=\box51
LaTeX Info: Redefining \\ on input line 3056.
)
(D:\CTEX\MiKTeX\tex\latex\hyperref\hyperref.sty
Package: hyperref 2010/11/26 v6.81v Hypertext links for LaTeX

(D:\CTEX\MiKTeX\tex\generic\oberdiek\ltxcmds.sty
Package: ltxcmds 2010/04/26 v1.7 LaTeX kernel commands for general use (HO)
)
(D:\CTEX\MiKTeX\tex\generic\oberdiek\pdftexcmds.sty
Package: pdftexcmds 2010/04/01 v0.9 Utility functions of pdfTeX for LuaTeX (HO)


(D:\CTEX\MiKTeX\tex\generic\oberdiek\infwarerr.sty
Package: infwarerr 2010/04/08 v1.3 Providing info/warning/message (HO)
)
(D:\CTEX\MiKTeX\tex\generic\oberdiek\ifluatex.sty
Package: ifluatex 2010/03/01 v1.3 Provides the ifluatex switch (HO)
Package ifluatex Info: LuaTeX not detected.
)
Package pdftexcmds Info: LuaTeX not detected.
Package pdftexcmds Info: \pdf@primitive is available.
Package pdftexcmds Info: \pdf@ifprimitive is available.
)
(D:\CTEX\MiKTeX\tex\generic\oberdiek\kvsetkeys.sty
Package: kvsetkeys 2010/03/01 v1.9 Key value parser (HO)

(D:\CTEX\MiKTeX\tex\generic\oberdiek\etexcmds.sty
Package: etexcmds 2010/01/28 v1.3 Prefix for e-TeX command names (HO)
Package etexcmds Info: Could not find \expanded.
(etexcmds)             That can mean that you are not using pdfTeX 1.50 or
(etexcmds)             that some package has redefined \expanded.
(etexcmds)             In the latter case, load this package earlier.
))
(D:\CTEX\MiKTeX\tex\generic\oberdiek\pdfescape.sty
Package: pdfescape 2010/03/01 v1.9 Provides hex, PDF name and string conversion
s (HO)
)
(D:\CTEX\MiKTeX\tex\latex\oberdiek\hycolor.sty
Package: hycolor 2009/12/12 v1.6 Color options of hyperref/bookmark (HO)

(D:\CTEX\MiKTeX\tex\latex\oberdiek\xcolor-patch.sty
Package: xcolor-patch 2009/12/12 xcolor patch
))
(D:\CTEX\MiKTeX\tex\latex\oberdiek\letltxmacro.sty
Package: letltxmacro 2008/06/24 v1.3 Let assignment for LaTeX macros (HO)
)
(D:\CTEX\MiKTeX\tex\latex\oberdiek\kvoptions.sty
Package: kvoptions 2010/02/22 v3.7 Keyval support for LaTeX options (HO)
)
\@linkdim=\dimen164
\Hy@linkcounter=\count157
\Hy@pagecounter=\count158

(D:\CTEX\MiKTeX\tex\latex\hyperref\pd1enc.def
File: pd1enc.def 2010/11/26 v6.81v Hyperref: PDFDocEncoding definition (HO)
)
(D:\CTEX\MiKTeX\tex\generic\oberdiek\intcalc.sty
Package: intcalc 2007/09/27 v1.1 Expandable integer calculations (HO)
)
\Hy@SavedSpaceFactor=\count159

(D:\CTEX\MiKTeX\tex\latex\00miktex\hyperref.cfg
File: hyperref.cfg 2002/06/06 v1.2 hyperref configuration of TeXLive
)
Package hyperref Info: Hyper figures OFF on input line 3993.
Package hyperref Info: Link nesting OFF on input line 3998.
Package hyperref Info: Hyper index ON on input line 4001.
Package hyperref Info: Plain pages OFF on input line 4008.
Package hyperref Info: Backreferencing OFF on input line 4013.
Package hyperref Info: Implicit mode ON; LaTeX internals redefined.
Package hyperref Info: Bookmarks ON on input line 4228.
\c@Hy@tempcnt=\count160

(D:\CTEX\MiKTeX\tex\latex\ltxmisc\url.sty
\Urlmuskip=\muskip11
Package: url 2006/04/12  ver 3.3  Verb mode for urls, etc.
)
LaTeX Info: Redefining \url on input line 4583.

(D:\CTEX\MiKTeX\tex\generic\oberdiek\bitset.sty
Package: bitset 2007/09/28 v1.0 Data type bit set (HO)

(D:\CTEX\MiKTeX\tex\generic\oberdiek\bigintcalc.sty
Package: bigintcalc 2007/11/11 v1.1 Expandable big integer calculations (HO)
))
\Fld@menulength=\count161
\Field@Width=\dimen165
\Fld@charsize=\dimen166
Package hyperref Info: Hyper figures OFF on input line 5667.
Package hyperref Info: Link nesting OFF on input line 5672.
Package hyperref Info: Hyper index ON on input line 5675.
Package hyperref Info: backreferencing OFF on input line 5682.
Package hyperref Info: Link coloring OFF on input line 5687.
Package hyperref Info: Link coloring with OCG OFF on input line 5692.
Package hyperref Info: PDF/A mode OFF on input line 5697.
LaTeX Info: Redefining \ref on input line 5737.
LaTeX Info: Redefining \pageref on input line 5741.

(D:\CTEX\MiKTeX\tex\generic\oberdiek\atbegshi.sty
Package: atbegshi 2010/03/25 v1.12 At begin shipout hook (HO)
)
\Hy@abspage=\count162
\c@Item=\count163
\c@Hfootnote=\count164
)

Package hyperref Message: Driver (autodetected): hpdftex.

(D:\CTEX\MiKTeX\tex\latex\hyperref\hpdftex.def
File: hpdftex.def 2010/11/26 v6.81v Hyperref driver for pdfTeX

(D:\CTEX\MiKTeX\tex\latex\oberdiek\atveryend.sty
Package: atveryend 2010/03/24 v1.5 Hooks at very end of document (HO)
Package atveryend Info: \enddocument detected (standard).
)
\Fld@listcount=\count165
\c@bookmark@seq@number=\count166

(D:\CTEX\MiKTeX\tex\latex\oberdiek\rerunfilecheck.sty
Package: rerunfilecheck 2010/03/16 v1.6 Rerun checks for auxiliary files (HO)

(D:\CTEX\MiKTeX\tex\generic\oberdiek\uniquecounter.sty
Package: uniquecounter 2009/12/18 v1.1 Provides unlimited unique counter (HO)
)
Package uniquecounter Info: New unique counter `rerunfilecheck' on input line 2
71.
)
\Hy@SectionHShift=\skip57
)
(E:\git\sparsesurvey\sparsesurvey.aux

LaTeX Warning: Label `eq:localmodeling1' multiply defined.


LaTeX Warning: Label `eq:edgecotanoperator' multiply defined.


LaTeX Warning: Label `eq:sparselocal' multiply defined.


LaTeX Warning: Label `eq:L1reconstruction' multiply defined.


LaTeX Warning: Label `eq:UprightJin' multiply defined.

)
LaTeX Font Info:    Checking defaults for OML/cmm/m/it on input line 23.
LaTeX Font Info:    ... okay on input line 23.
LaTeX Font Info:    Checking defaults for T1/cmr/m/n on input line 23.
LaTeX Font Info:    ... okay on input line 23.
LaTeX Font Info:    Checking defaults for OT1/cmr/m/n on input line 23.
LaTeX Font Info:    ... okay on input line 23.
LaTeX Font Info:    Checking defaults for OMS/cmsy/m/n on input line 23.
LaTeX Font Info:    ... okay on input line 23.
LaTeX Font Info:    Checking defaults for OMX/cmex/m/n on input line 23.
LaTeX Font Info:    ... okay on input line 23.
LaTeX Font Info:    Checking defaults for U/cmr/m/n on input line 23.
LaTeX Font Info:    ... okay on input line 23.
LaTeX Font Info:    Checking defaults for PD1/pdf/m/n on input line 23.
LaTeX Font Info:    ... okay on input line 23.
 (D:\CTEX\MiKTeX\tex\context\base\supp-pdf.mkii
[Loading MPS to PDF converter (version 2006.09.02).]
\scratchcounter=\count167
\scratchdimen=\dimen167
\scratchbox=\box52
\nofMPsegments=\count168
\nofMParguments=\count169
\everyMPshowfont=\toks35
\MPscratchCnt=\count170
\MPscratchDim=\dimen168
\MPnumerator=\count171
\everyMPtoPDFconversion=\toks36
)
*geometry* driver: auto-detecting
*geometry* detected driver: pdftex
*geometry* verbose mode - [ preamble ] result:
* driver: pdftex
* paper: custom
* layout: <same size as paper>
* layoutoffset:(h,v)=(0.0pt,0.0pt)
* hratio: 1:1
* vratio: 1:1
* modes: 
* h-part:(L,W,R)=(64.75394pt, 468.0pt, 64.75394pt)
* v-part:(T,H,B)=(111.52342pt, 622.0pt, 111.52342pt)
* \paperwidth=597.50787pt
* \paperheight=845.04684pt
* \textwidth=468.0pt
* \textheight=622.0pt
* \oddsidemargin=-7.51605pt
* \evensidemargin=-7.51605pt
* \topmargin=-22.74657pt
* \headheight=50.0pt
* \headsep=12.0pt
* \topskip=10.0pt
* \footskip=18.0pt
* \marginparwidth=4.0pt
* \marginparsep=10.0pt
* \columnsep=24.0pt
* \skip\footins=24.0pt plus 2.0pt minus 12.0pt
* \hoffset=0.0pt
* \voffset=0.0pt
* \mag=1000
* \@twocolumntrue
* \@twosidefalse
* \@mparswitchfalse
* \@reversemarginfalse
* (1in=72.27pt=25.4mm, 1cm=28.453pt)

\AtBeginShipoutBox=\box53
Package hyperref Info: Link coloring OFF on input line 23.
(D:\CTEX\MiKTeX\tex\latex\hyperref\nameref.sty
Package: nameref 2010/04/30 v2.40 Cross-referencing by name of section

(D:\CTEX\MiKTeX\tex\latex\oberdiek\refcount.sty
Package: refcount 2008/08/11 v3.1 Data extraction from references (HO)
)
(D:\CTEX\MiKTeX\tex\generic\oberdiek\gettitlestring.sty
Package: gettitlestring 2009/12/18 v1.3 Cleanup title references (HO)
)
\c@section@level=\count172
)
LaTeX Info: Redefining \ref on input line 23.
LaTeX Info: Redefining \pageref on input line 23.
LaTeX Info: Redefining \nameref on input line 23.

(E:\git\sparsesurvey\sparsesurvey.out) (E:\git\sparsesurvey\sparsesurvey.out)
\@outlinefile=\write4
LaTeX Font Info:    Try loading font information for U+msa on input line 56.

(D:\CTEX\MiKTeX\tex\latex\amsfonts\umsa.fd
File: umsa.fd 2009/06/22 v3.00 AMS symbols A
)
LaTeX Font Info:    Try loading font information for U+msb on input line 56.

(D:\CTEX\MiKTeX\tex\latex\amsfonts\umsb.fd
File: umsb.fd 2009/06/22 v3.00 AMS symbols B
)
(E:\git\sparsesurvey\Introduction.tex
Underfull \hbox (badness 6792) in paragraph at lines 9--15
[]\OT1/cmr/m/n/10 To solve these t-wo chal-leng-ing prob-lem-s,
 []

) (E:\git\sparsesurvey\Pre.tex) (E:\git\sparsesurvey\Sparse.tex
Underfull \hbox (badness 3029) in paragraph at lines 7--1
\OT1/cmr/m/n/10 in-tro-duce some ba-sic no-ta-tion-s. Let $\OT1/cmr/bx/n/10 x \
OT1/cmr/m/n/10 =
 []

[1{D:/CTEX/UserData/pdftex/config/pdftex.map{Unicode.sfd}{UGBK.sfd}}


] [2])
(E:\git\sparsesurvey\Survey.tex
Overfull \hbox (15.42444pt too wide) in paragraph at lines 29--92
 [] 
 []

(E:\git\sparsesurvey\SparseRegularization.tex (E:\git\sparsesurvey\SRpart1.tex

Package hyperref Warning: Token not allowed in a PDF string (PDFDocEncoding):
(hyperref)                removing `math shift' on input line 14.


Package hyperref Warning: Token not allowed in a PDF string (PDFDocEncoding):
(hyperref)                removing `\ell' on input line 14.


Package hyperref Warning: Token not allowed in a PDF string (PDFDocEncoding):
(hyperref)                removing `subscript' on input line 14.


Package hyperref Warning: Token not allowed in a PDF string (PDFDocEncoding):
(hyperref)                removing `math shift' on input line 14.

<images/L1median.png, id=244, 593.96906pt x 542.025pt>
File: images/L1median.png Graphic file (type png)

<use images/L1median.png>
Underfull \hbox (badness 1394) in paragraph at lines 24--26
[]\OT1/cmr/m/n/10 Reconstruction by a pro-jec-tion op-er-a-tor, as
 []

[3]
Underfull \hbox (badness 1616) in paragraph at lines 41--44
 []\OT1/cmr/m/it/9 (1).[] \OT1/cmr/m/n/9 [[]] ap-plies this tool lo-cal-ly to c
on-sti-tute a
 []

[4 <E:/git/sparsesurvey/images/L1median.png (PNG copy)>]
<images/reconstruction_L1.png, id=331, 1505.625pt x 1003.75pt>
File: images/reconstruction_L1.png Graphic file (type png)

<use images/reconstruction_L1.png>

Package hyperref Warning: Token not allowed in a PDF string (PDFDocEncoding):
(hyperref)                removing `math shift' on input line 173.


Package hyperref Warning: Token not allowed in a PDF string (PDFDocEncoding):
(hyperref)                removing `\ell' on input line 173.


Package hyperref Warning: Token not allowed in a PDF string (PDFDocEncoding):
(hyperref)                removing `subscript' on input line 173.


Package hyperref Warning: Token not allowed in a PDF string (PDFDocEncoding):
(hyperref)                removing `math shift' on input line 173.

[5 <E:/git/sparsesurvey/images/reconstruction_L1.png (PNG copy)>]
<images/subdivision.png, id=356, 1204.5pt x 903.375pt>
File: images/subdivision.png Graphic file (type png)

<use images/subdivision.png>) (E:\git\sparsesurvey\SRpart2.tex
<images/denoise12.png, id=361, 401.5pt x 210.7875pt>
File: images/denoise12.png Graphic file (type png)

<use images/denoise12.png>
<images/denoise11.png, id=362, 371.88937pt x 207.77625pt>
File: images/denoise11.png Graphic file (type png)

<use images/denoise11.png>
Underfull \hbox (badness 6252) in paragraph at lines 29--30
[]\OT1/cmr/m/n/9 [[]] gen-er-al-izes this
 []


Underfull \hbox (badness 10000) in paragraph at lines 29--30
\OT1/cmr/m/n/9 con-struc-tion of the
 []

<images/denoise1.png, id=365, 1003.75pt x 602.25pt>
File: images/denoise1.png Graphic file (type png)
 <use images/denoise1.png>
[6 <E:/git/sparsesurvey/images/subdivision.png (PNG copy)> <E:/git/sparsesurvey
/images/denoise12.png (PNG copy)> <E:/git/sparsesurvey/images/denoise11.png (PN
G copy)>] <images/denoise2_1.png, id=385, 3513.125pt x 1405.25pt>
File: images/denoise2_1.png Graphic file (type png)

<use images/denoise2_1.png>) (E:\git\sparsesurvey\SRpart3.tex
<images/sparseICP.png, id=395, 850.67813pt x 260.47313pt>
File: images/sparseICP.png Graphic file (type png)

<use images/sparseICP.png> [7 <E:/git/sparsesurvey/images/denoise1.png> <E:/git
/sparsesurvey/images/sparseICP.png (PNG copy)>]
Underfull \hbox (badness 1565) in paragraph at lines 75--77
[]\OT1/cmr/m/n/9 But as we have known that many times on-ly
 []


Underfull \hbox (badness 3323) in paragraph at lines 75--77
\OT1/cmr/m/n/9 pro-pos-es the $\OML/cmm/m/it/9 compressed []manifold []basis\OT
1/cmr/m/n/9 (\OML/cmm/m/it/9 CMB\OT1/cmr/m/n/9 )$,
 []


Underfull \hbox (badness 10000) in paragraph at lines 75--77
\OT1/cmr/m/n/9 whose in-di-vid-u-al ba-sis func-tion-s are called
 []


Underfull \hbox (badness 2189) in paragraph at lines 75--77
\OML/cmm/m/it/9 compressed []manifold []modes\OT1/cmr/m/n/9 (\OML/cmm/m/it/9 CM
Ms\OT1/cmr/m/n/9 )$, by adding
 []


Underfull \hbox (badness 3009) in paragraph at lines 99--104
\OT1/cmr/m/n/9 here, $ \OMS/cmsy/m/n/9 2 \U/msb/m/n/9 R[]$ \OT1/cmr/m/n/9 con-
tain-s the first $\OML/cmm/m/it/9 K$ \OT1/cmr/m/n/9 eigen-
 []


Underfull \hbox (badness 10000) in paragraph at lines 99--104
\OT1/cmr/m/n/9 vec-tors cor-re-spond-ing to the ma-trix column-
 []


Underfull \hbox (badness 10000) in paragraph at lines 99--104
\OT1/cmr/m/n/9 s. Solv-ing ([]32[]), the ob-tained or-thog-o-nal
 []


Underfull \hbox (badness 1616) in paragraph at lines 99--104
\OT1/cmr/m/n/9 for shape match-ing which in-volves ro-bust fea-ture
 []

<images/CMB.png, id=419, 1304.875pt x 1104.125pt>
File: images/CMB.png Graphic file (type png)
 <use images/CMB.png> [8 <E:/git/sparsesurvey/images/denoise2_1.png (PNG copy)>
]
<images/matching_function.png, id=436, 220.825pt x 220.825pt>
File: images/matching_function.png Graphic file (type png)

<use images/matching_function.png>
Underfull \hbox (badness 1584) in paragraph at lines 136--138
[]\OT1/cmr/m/n/9 As shown in the right fig-ure,
 []

<images/matching_L1.png, id=439, 857.45343pt x 419.31656pt>
File: images/matching_L1.png Graphic file (type png)

<use images/matching_L1.png>
Underfull \hbox (badness 1163) in paragraph at lines 161--164
[]\OT1/cmr/m/n/9 Co-segmentation aim-s to con-sis-tent-ly seg-men-t a
 []

<images/co-segmentationAGD.png, id=446, 416.2474pt x 174.42087pt>
File: images/co-segmentationAGD.png Graphic file (type png)

<use images/co-segmentationAGD.png> [9 <E:/git/sparsesurvey/images/CMB.png (PNG
 copy)> <E:/git/sparsesurvey/images/matching_function.png (PNG copy)> <E:/git/s
parsesurvey/images/matching_L1.png (PNG copy)> <E:/git/sparsesurvey/images/co-s
egmentationAGD.png>]
Underfull \hbox (badness 10000) in paragraph at lines 209--213
\OT1/cmr/m/n/9 where $\OMS/cmsy/m/n/9 P[]$ \OT1/cmr/m/n/9 is the penal-ty on th
e ma-tri-ces
 []

<images/co-segmentation.png, id=465, 849.1725pt x 268.75406pt>
File: images/co-segmentation.png Graphic file (type png)

<use images/co-segmentation.png>)
<images/skeleton_L1.png, id=474, 601.4972pt x 317.68687pt>
File: images/skeleton_L1.png Graphic file (type png)

<use images/skeleton_L1.png>
Underfull \hbox (badness 1281) in paragraph at lines 31--39
\OMS/cmsy/m/n/9 f\OML/cmm/m/it/9 v[]\OMS/cmsy/m/n/9 j\OML/cmm/m/it/9 i \OMS/cms
y/m/n/9 2 \OT1/cmr/m/n/9  \OMS/cmsy/m/n/9 g$ \OT1/cmr/m/n/9 spec-i-fied by a us
-er, the de-for-ma-tion
 []


Underfull \hbox (badness 1622) in paragraph at lines 31--39
\OT1/cmr/m/n/9 is achieved by com-put-ing the dis-place-men-t $\OT1/cmr/bx/n/9 
d \OT1/cmr/m/n/9 =
 []

[10 <E:/git/sparsesurvey/images/co-segmentation.png (PNG copy)>]
Underfull \hbox (badness 2426) in paragraph at lines 84--85
[]\OT1/cmr/m/n/9 After the in-ter-ac-tive ex-plo-ration, the fi-nal re-
 []


Underfull \hbox (badness 1325) in paragraph at lines 84--85
\OT1/cmr/m/n/9 sult is op-ti-mized to ful-ly sat-is-fy the set of con-
 []

<images/localmodeling.png, id=492, 570.933pt x 180.675pt>
File: images/localmodeling.png Graphic file (type png)

<use images/localmodeling.png> (E:\git\sparsesurvey\TV.tex [11 <E:/git/sparsesu
rvey/images/skeleton_L1.png (PNG copy)> <E:/git/sparsesurvey/images/localmodeli
ng.png>] <images/TV_consolidation.png, id=510, 1084.80281pt x 255.20343pt>
File: images/TV_consolidation.png Graphic file (type png)

<use images/TV_consolidation.png>
LaTeX Font Info:    Try loading font information for U+euf on input line 132.
 (D:\CTEX\MiKTeX\tex\latex\amsfonts\ueuf.fd
File: ueuf.fd 2009/06/22 v3.00 Euler Fraktur
)
<images/denoise_tv.png, id=517, 923.45pt x 622.325pt>
File: images/denoise_tv.png Graphic file (type png)

<use images/denoise_tv.png>
Underfull \hbox (badness 3919) in paragraph at lines 185--185
[]\OT1/cmr/m/n/8 Figure 14: []Sparse reg-u-lar-iza-tion: TV based mesh
 []

[12 <E:/git/sparsesurvey/images/TV_consolidation.png (PNG copy)>]
Underfull \hbox (badness 3803) in paragraph at lines 220--228
\OT1/cmr/m/n/9 where $\OML/cmm/m/it/9 K$ \OT1/cmr/m/n/9 is the set of vec-tor f
unc-tion-s $\OT1/cmr/bx/n/9 u \OT1/cmr/m/n/9 =
 []

<images/segmentation.png, id=544, 1055.44313pt x 452.4403pt>
File: images/segmentation.png Graphic file (type png)

<use images/segmentation.png>
Underfull \hbox (badness 3919) in paragraph at lines 238--238
[]\OT1/cmr/m/n/8 Figure 15: []Sparse reg-u-lar-iza-tion: TV based mesh
 []


Underfull \hbox (badness 10000) in paragraph at lines 250--253
[]\OT1/cmr/m/n/9 [[]] in-tro-duces a nov-el method to de-rive
 []


Underfull \hbox (badness 5519) in paragraph at lines 250--253
\OML/cmm/m/it/9 local []barycentric []coordinates$\OT1/cmr/m/n/9 (LBC) that de-
pend
 []

[13 <E:/git/sparsesurvey/images/denoise_tv.png (PNG copy)> <E:/git/sparsesurvey
/images/segmentation.png (PNG copy)>]
<images/LBC_L1.png, id=562, 788.9475pt x 184.43906pt>
File: images/LBC_L1.png Graphic file (type png)
 <use images/LBC_L1.png>)) (E:\git\sparsesurvey\DictionaryLearning.tex [14 <E:/
git/sparsesurvey/images/LBC_L1.png (PNG copy)>] [15]
<images/skinning_decomposition.png, id=599, 1505.625pt x 1405.25pt>
File: images/skinning_decomposition.png Graphic file (type png)

<use images/skinning_decomposition.png>
<images/localdefor_learning.png, id=611, 778.40813pt x 240.9pt>
File: images/localdefor_learning.png Graphic file (type png)

<use images/localdefor_learning.png> [16 <E:/git/sparsesurvey/images/skinning_d
ecomposition.png (PNG copy)>]
<images/reconstruction_learning.png, id=628, 1104.125pt x 602.25pt>
File: images/reconstruction_learning.png Graphic file (type png)

<use images/reconstruction_learning.png>
<images/compression_learning.png, id=636, 752.8125pt x 612.2875pt>
File: images/compression_learning.png Graphic file (type png)

<use images/compression_learning.png> [17 <E:/git/sparsesurvey/images/localdefo
r_learning.png (PNG copy)> <E:/git/sparsesurvey/images/reconstruction_learning.
png (PNG copy)>]
<images/rendering_learning.png, id=654, 1254.6875pt x 682.55pt>
File: images/rendering_learning.png Graphic file (type png)

<use images/rendering_learning.png>) (E:\git\sparsesurvey\LowRank.tex
<images/lowrank.png, id=657, 756.57657pt x 287.57437pt>
File: images/lowrank.png Graphic file (type png)

<use images/lowrank.png> [18 <E:/git/sparsesurvey/images/compression_learning.p
ng (PNG copy)> <E:/git/sparsesurvey/images/rendering_learning.png (PNG copy)>]
<images/upright_lowrank.png, id=674, 803.0pt x 1003.75pt>
File: images/upright_lowrank.png Graphic file (type png)

<use images/upright_lowrank.png>
Underfull \vbox (badness 3977) has occurred while \output is active []

 [19 <E:/git/sparsesurvey/images/lowrank.png (PNG copy)> <E:/git/sparsesurvey/i
mages/upright_lowrank.png (PNG copy)>]
<images/normal_lowrank.png, id=693, 694.09312pt x 271.76532pt>
File: images/normal_lowrank.png Graphic file (type png)

<use images/normal_lowrank.png>)) (E:\git\sparsesurvey\Discussion.tex [20 <E:/g
it/sparsesurvey/images/normal_lowrank.png (PNG copy)>])
(E:\git\sparsesurvey\sparsesurvey.bbl
Underfull \hbox (badness 1077) in paragraph at lines 90--93
\OT1/cmr/m/n/8 thresholding al-go-rith-m for lin-ear in-verse prob-lem-s,
 []


Underfull \vbox (badness 10000) has occurred while \output is active []

 [21]
Underfull \hbox (badness 10000) in paragraph at lines 212--215
[]\OT1/cmr/m/n/8 B. Deng, S. Bouaz-iz, M. Deuss, J. Zhang,
 []


Underfull \vbox (badness 10000) has occurred while \output is active []


Underfull \hbox (badness 2426) in paragraph at lines 273--276
[]\OT1/cmr/m/n/8 J. Pokrass, A. M. Bron-stein, M. M. Bron-stein,
 []


Underfull \hbox (badness 2343) in paragraph at lines 278--281
[]\OT1/cmr/m/n/8 R. L-it-man, A. M. Bron-stein, M. M. Bron-stein,
 []

)
Package atveryend Info: Empty hook `BeforeClearDocument' on input line 76.
 [22]
Package atveryend Info: Empty hook `AfterLastShipout' on input line 76.
 (E:\git\sparsesurvey\sparsesurvey.aux)
Package atveryend Info: Executing hook `AtVeryEndDocument' on input line 76.


Package rerunfilecheck Warning: File `sparsesurvey.out' has changed.
(rerunfilecheck)                Rerun to get outlines right
(rerunfilecheck)                or use package `bookmark'.

Package rerunfilecheck Info: Checksums for `sparsesurvey.out':
(rerunfilecheck)             Before: 3197F0EC02B607304B9CC8CBD47F90A0;7023
(rerunfilecheck)             After:  16E1CDBC53162AF0229852DF4B8B24F7;2261.

LaTeX Warning: There were multiply-defined labels.

 ) 
Here is how much of TeX's memory you used:
 8263 strings out of 495362
 118022 string characters out of 3184023
 245882 words of memory out of 3000000
 10948 multiletter control sequences out of 15000+200000
 18287 words of font info for 68 fonts, out of 3000000 for 9000
 14 hyphenation exceptions out of 8191
 32i,28n,31p,688b,583s stack positions out of 5000i,500n,10000p,200000b,50000s
<D:/CTEX/MiKTeX/fonts/type1/public/amsfonts/cm/cmbx10.pfb><D:/CTEX/MiKTeX/fon
ts/type1/public/amsfonts/cm/cmbx5.pfb><D:/CTEX/MiKTeX/fonts/type1/public/amsfon
ts/cm/cmbx6.pfb><D:/CTEX/MiKTeX/fonts/type1/public/amsfonts/cm/cmbx7.pfb><D:/CT
EX/MiKTeX/fonts/type1/public/amsfonts/cm/cmbx9.pfb><D:/CTEX/MiKTeX/fonts/type1/
public/amsfonts/cm/cmex10.pfb><D:/CTEX/MiKTeX/fonts/type1/public/amsfonts/cmext
ra/cmex9.pfb><D:/CTEX/MiKTeX/fonts/type1/public/amsfonts/cm/cmmi10.pfb><D:/CTEX
/MiKTeX/fonts/type1/public/amsfonts/cm/cmmi5.pfb><D:/CTEX/MiKTeX/fonts/type1/pu
blic/amsfonts/cm/cmmi6.pfb><D:/CTEX/MiKTeX/fonts/type1/public/amsfonts/cm/cmmi7
.pfb><D:/CTEX/MiKTeX/fonts/type1/public/amsfonts/cm/cmmi8.pfb><D:/CTEX/MiKTeX/f
onts/type1/public/amsfonts/cm/cmmi9.pfb><D:/CTEX/MiKTeX/fonts/type1/public/amsf
onts/cm/cmr10.pfb><D:/CTEX/MiKTeX/fonts/type1/public/amsfonts/cm/cmr12.pfb><D:/
CTEX/MiKTeX/fonts/type1/public/amsfonts/cm/cmr5.pfb><D:/CTEX/MiKTeX/fonts/type1
/public/amsfonts/cm/cmr6.pfb><D:/CTEX/MiKTeX/fonts/type1/public/amsfonts/cm/cmr
7.pfb><D:/CTEX/MiKTeX/fonts/type1/public/amsfonts/cm/cmr8.pfb><D:/CTEX/MiKTeX/f
onts/type1/public/amsfonts/cm/cmr9.pfb><D:/CTEX/MiKTeX/fonts/type1/public/amsfo
nts/cm/cmsl8.pfb><D:/CTEX/MiKTeX/fonts/type1/public/amsfonts/cm/cmsl9.pfb><D:/C
TEX/MiKTeX/fonts/type1/public/amsfonts/cm/cmss8.pfb><D:/CTEX/MiKTeX/fonts/type1
/public/amsfonts/cm/cmsy10.pfb><D:/CTEX/MiKTeX/fonts/type1/public/amsfonts/cm/c
msy5.pfb><D:/CTEX/MiKTeX/fonts/type1/public/amsfonts/cm/cmsy6.pfb><D:/CTEX/MiKT
eX/fonts/type1/public/amsfonts/cm/cmsy7.pfb><D:/CTEX/MiKTeX/fonts/type1/public/
amsfonts/cm/cmsy9.pfb><D:/CTEX/MiKTeX/fonts/type1/public/amsfonts/cm/cmti10.pfb
><D:/CTEX/MiKTeX/fonts/type1/public/amsfonts/cm/cmti7.pfb><D:/CTEX/MiKTeX/fonts
/type1/public/amsfonts/cm/cmti8.pfb><D:/CTEX/MiKTeX/fonts/type1/public/amsfonts
/cm/cmti9.pfb><D:/CTEX/MiKTeX/fonts/type1/public/amsfonts/cm/cmtt8.pfb><D:/CTEX
/MiKTeX/fonts/type1/public/amsfonts/euler/eufm7.pfb><D:/CTEX/MiKTeX/fonts/type1
/public/amsfonts/symbols/msam10.pfb><D:/CTEX/MiKTeX/fonts/type1/public/amsfonts
/symbols/msam5.pfb><D:/CTEX/MiKTeX/fonts/type1/public/amsfonts/symbols/msam7.pf
b><D:/CTEX/MiKTeX/fonts/type1/public/amsfonts/symbols/msbm10.pfb><D:/CTEX/MiKTe
X/fonts/type1/public/amsfonts/symbols/msbm7.pfb><D:/CTEX/MiKTeX/fonts/type1/urw
/zapfding/uzdr.pfb>
Output written on sparsesurvey.pdf (22 pages, 11785150 bytes).
PDF statistics:
 900 PDF objects out of 1000 (max. 8388607)
 240 named destinations out of 1000 (max. 500000)
 392 words of extra memory for PDF output out of 10000 (max. 10000000)

