\BOOKMARK [1][-]{section.1}{\376\377\000\111\000\156\000\164\000\162\000\157\000\144\000\165\000\143\000\164\000\151\000\157\000\156}{}% 1
\BOOKMARK [1][-]{section.2}{\376\377\000\120\000\162\000\145\000\154\000\151\000\155\000\151\000\156\000\141\000\162\000\151\000\145\000\163}{}% 2
\BOOKMARK [1][-]{section.3}{\376\377\000\124\000\150\000\145\000\040\000\120\000\162\000\157\000\142\000\154\000\145\000\155\000\163\000\040\000\157\000\146\000\040\000\123\000\160\000\141\000\162\000\163\000\145\000\040\000\103\000\157\000\144\000\151\000\156\000\147}{}% 3
\BOOKMARK [2][-]{subsection.3.1}{\376\377\000\123\000\160\000\141\000\162\000\163\000\145\000\040\000\103\000\157\000\144\000\151\000\156\000\147}{section.3}% 4
\BOOKMARK [2][-]{subsection.3.2}{\376\377\000\104\000\151\000\143\000\164\000\151\000\157\000\156\000\141\000\162\000\171\000\040\000\114\000\145\000\141\000\162\000\156\000\151\000\156\000\147\000\056}{section.3}% 5
\BOOKMARK [2][-]{subsection.3.3}{\376\377\000\103\000\157\000\155\000\160\000\162\000\145\000\163\000\163\000\145\000\144\000\040\000\123\000\145\000\156\000\163\000\151\000\156\000\147}{section.3}% 6
\BOOKMARK [2][-]{subsection.3.4}{\376\377\000\114\000\157\000\167\000\040\000\162\000\141\000\156\000\153\000\040\000\162\000\145\000\160\000\162\000\145\000\163\000\145\000\156\000\164\000\141\000\164\000\151\000\157\000\156\000\040\000\141\000\156\000\144\000\040\000\162\000\157\000\142\000\165\000\163\000\164\000\040\000\160\000\162\000\151\000\156\000\143\000\151\000\160\000\154\000\145\000\040\000\143\000\157\000\155\000\160\000\157\000\156\000\145\000\156\000\164\000\040\000\141\000\156\000\141\000\154\000\171\000\163\000\151\000\163}{section.3}% 7
\BOOKMARK [1][-]{section.4}{\376\377\000\123\000\160\000\141\000\162\000\163\000\145\000\040\000\122\000\145\000\147\000\165\000\154\000\141\000\162\000\151\000\172\000\141\000\164\000\151\000\157\000\156}{}% 8
\BOOKMARK [2][-]{subsection.4.1}{\376\377\000\120\000\157\000\151\000\156\000\164\000\040\000\103\000\154\000\157\000\165\000\144\000\040\000\103\000\157\000\156\000\163\000\157\000\154\000\151\000\144\000\141\000\164\000\151\000\157\000\156}{section.4}% 9
\BOOKMARK [3][-]{subsubsection.4.1.1}{\376\377\000\061\000\040\000\155\000\145\000\144\000\151\000\141\000\156\000\040\000\142\000\141\000\163\000\145\000\144}{subsection.4.1}% 10
\BOOKMARK [3][-]{subsubsection.4.1.2}{\376\377\000\061\000\040\000\162\000\145\000\147\000\162\000\145\000\163\000\163\000\151\000\157\000\156\000\040\000\142\000\141\000\163\000\145\000\144}{subsection.4.1}% 11
\BOOKMARK [2][-]{subsection.4.2}{\376\377\000\115\000\145\000\163\000\150\000\040\000\104\000\145\000\156\000\157\000\151\000\163\000\151\000\156\000\147}{section.4}% 12
\BOOKMARK [2][-]{subsection.4.3}{\376\377\000\123\000\150\000\141\000\160\000\145\000\040\000\115\000\141\000\164\000\143\000\150\000\151\000\156\000\147}{section.4}% 13
\BOOKMARK [3][-]{subsubsection.4.3.1}{\376\377\000\122\000\151\000\147\000\151\000\144\000\040\000\162\000\145\000\147\000\151\000\163\000\164\000\162\000\141\000\164\000\151\000\157\000\156}{subsection.4.3}% 14
\BOOKMARK [3][-]{subsubsection.4.3.2}{\376\377\000\116\000\157\000\156\000\055\000\162\000\151\000\147\000\151\000\144\000\040\000\163\000\150\000\141\000\160\000\145\000\040\000\155\000\141\000\164\000\143\000\150\000\151\000\156\000\147}{subsection.4.3}% 15
\BOOKMARK [3][-]{subsubsection.4.3.3}{\376\377\000\103\000\157\000\055\000\163\000\145\000\147\000\155\000\145\000\156\000\164\000\141\000\164\000\151\000\157\000\156}{subsection.4.3}% 16
\BOOKMARK [2][-]{subsection.4.4}{\376\377\000\123\000\153\000\145\000\154\000\145\000\164\000\157\000\156\000\040\000\105\000\170\000\164\000\162\000\141\000\143\000\164\000\151\000\157\000\156}{section.4}% 17
\BOOKMARK [2][-]{subsection.4.5}{\376\377\000\104\000\145\000\146\000\157\000\162\000\155\000\141\000\164\000\151\000\157\000\156\000\055\000\103\000\157\000\156\000\163\000\164\000\162\000\141\000\151\000\156\000\145\000\144\000\040\000\115\000\157\000\144\000\145\000\154\000\151\000\156\000\147}{section.4}% 18
\BOOKMARK [2][-]{subsection.4.6}{\376\377\000\124\000\157\000\164\000\141\000\154\000\040\000\126\000\141\000\162\000\151\000\141\000\164\000\151\000\157\000\156\000\050\000\124\000\126\000\051\000\040\000\102\000\141\000\163\000\145\000\144\000\040\000\101\000\160\000\160\000\154\000\151\000\143\000\141\000\164\000\151\000\157\000\156\000\163}{section.4}% 19
\BOOKMARK [3][-]{subsubsection.4.6.1}{\376\377\000\120\000\157\000\151\000\156\000\164\000\040\000\143\000\154\000\157\000\165\000\144\000\040\000\143\000\157\000\156\000\163\000\157\000\154\000\151\000\144\000\141\000\164\000\151\000\157\000\156}{subsection.4.6}% 20
\BOOKMARK [3][-]{subsubsection.4.6.2}{\376\377\000\115\000\145\000\163\000\150\000\040\000\104\000\145\000\156\000\157\000\151\000\163\000\151\000\156\000\147}{subsection.4.6}% 21
\BOOKMARK [3][-]{subsubsection.4.6.3}{\376\377\000\104\000\145\000\143\000\157\000\155\000\160\000\157\000\163\000\151\000\164\000\151\000\157\000\156}{subsection.4.6}% 22
\BOOKMARK [3][-]{subsubsection.4.6.4}{\376\377\000\102\000\141\000\162\000\171\000\143\000\145\000\156\000\164\000\162\000\151\000\143\000\040\000\143\000\157\000\157\000\162\000\144\000\151\000\156\000\141\000\164\000\145\000\163}{subsection.4.6}% 23
\BOOKMARK [1][-]{section.5}{\376\377\000\104\000\151\000\143\000\164\000\151\000\157\000\156\000\141\000\162\000\171\000\040\000\114\000\145\000\141\000\162\000\156\000\151\000\156\000\147}{}% 24
\BOOKMARK [2][-]{subsection.5.1}{\376\377\000\104\000\145\000\146\000\157\000\162\000\155\000\141\000\164\000\151\000\157\000\156\000\055\000\102\000\154\000\145\000\156\000\144\000\040\000\123\000\153\000\151\000\156\000\156\000\151\000\156\000\147}{section.5}% 25
\BOOKMARK [2][-]{subsection.5.2}{\376\377\000\104\000\145\000\143\000\157\000\155\000\160\000\157\000\163\000\151\000\164\000\151\000\157\000\156}{section.5}% 26
\BOOKMARK [2][-]{subsection.5.3}{\376\377\000\122\000\145\000\143\000\157\000\156\000\163\000\164\000\162\000\165\000\143\000\164\000\151\000\157\000\156}{section.5}% 27
\BOOKMARK [2][-]{subsection.5.4}{\376\377\000\103\000\157\000\155\000\160\000\162\000\145\000\163\000\163\000\151\000\157\000\156}{section.5}% 28
\BOOKMARK [1][-]{section.6}{\376\377\000\114\000\157\000\167\000\040\000\122\000\141\000\156\000\153}{}% 29
\BOOKMARK [2][-]{subsection.6.1}{\376\377\000\125\000\160\000\162\000\151\000\147\000\150\000\164\000\040\000\157\000\162\000\151\000\145\000\156\000\164\000\141\000\164\000\151\000\157\000\156}{section.6}% 30
\BOOKMARK [2][-]{subsection.6.2}{\376\377\000\120\000\157\000\151\000\156\000\164\000\040\000\143\000\154\000\157\000\165\000\144\000\040\000\156\000\157\000\162\000\155\000\141\000\154\000\040\000\145\000\163\000\164\000\151\000\155\000\141\000\164\000\151\000\157\000\156}{section.6}% 31
\BOOKMARK [1][-]{section.7}{\376\377\000\104\000\151\000\163\000\143\000\165\000\163\000\163\000\151\000\157\000\156}{}% 32
